2013.06.13 09:05 B E:\Semester 2\COMP213\Assignments\Assignment003\images\greenlogo1.jpg <-- student /kcastan1/images greenlogo1.jpg
2013.06.14 09:08 B E:\Semester 2\COMP213\Assignments\Assignment003\images\Background.jpg --> studentweb.cencol.ca /kcastan1/images Background.jpg
2013.06.14 09:08 B E:\Semester 2\COMP213\Assignments\Assignment003\images\canadamap.jpg --> studentweb.cencol.ca /kcastan1/images canadamap.jpg
2013.06.14 09:08 B E:\Semester 2\COMP213\Assignments\Assignment003\images\centennial-college.jpg --> studentweb.cencol.ca /kcastan1/images centennial-college.jpg
2013.06.14 09:08 B E:\Semester 2\COMP213\Assignments\Assignment003\images\ecentennial.jpg --> studentweb.cencol.ca /kcastan1/images ecentennial.jpg
2013.06.14 09:08 B E:\Semester 2\COMP213\Assignments\Assignment003\images\greenbanner.jpg --> studentweb.cencol.ca /kcastan1/images greenbanner.jpg
2013.06.14 09:08 B E:\Semester 2\COMP213\Assignments\Assignment003\images\greenbulb.jpg --> studentweb.cencol.ca /kcastan1/images greenbulb.jpg
2013.06.14 09:08 B E:\Semester 2\COMP213\Assignments\Assignment003\images\greendot.png --> studentweb.cencol.ca /kcastan1/images greendot.png
2013.06.14 09:08 B E:\Semester 2\COMP213\Assignments\Assignment003\images\greenlogo1.jpg --> studentweb.cencol.ca /kcastan1/images greenlogo1.jpg
2013.06.14 09:08 B E:\Semester 2\COMP213\Assignments\Assignment003\images\list.png --> studentweb.cencol.ca /kcastan1/images list.png
2013.06.14 09:08 B E:\Semester 2\COMP213\Assignments\Assignment003\images\logo.gif --> studentweb.cencol.ca /kcastan1/images logo.gif
2013.06.14 09:08 B E:\Semester 2\COMP213\Assignments\Assignment003\images\logo.jpg --> studentweb.cencol.ca /kcastan1/images logo.jpg
2013.06.14 09:08 B E:\Semester 2\COMP213\Assignments\Assignment003\images\mazda6.jpg --> studentweb.cencol.ca /kcastan1/images mazda6.jpg
2013.06.14 09:08 B E:\Semester 2\COMP213\Assignments\Assignment003\images\mazda6banner.jpg --> studentweb.cencol.ca /kcastan1/images mazda6banner.jpg
2013.06.14 09:08 B E:\Semester 2\COMP213\Assignments\Assignment003\images\mazda6gs.png --> studentweb.cencol.ca /kcastan1/images mazda6gs.png
2013.06.14 09:08 B E:\Semester 2\COMP213\Assignments\Assignment003\images\mazda6gt.png --> studentweb.cencol.ca /kcastan1/images mazda6gt.png
2013.06.14 09:08 B E:\Semester 2\COMP213\Assignments\Assignment003\images\mazda6gx.png --> studentweb.cencol.ca /kcastan1/images mazda6gx.png
2013.06.14 09:08 B E:\Semester 2\COMP213\Assignments\Assignment003\images\mazda6info.jpg --> studentweb.cencol.ca /kcastan1/images mazda6info.jpg
2013.06.14 09:08 B E:\Semester 2\COMP213\Assignments\Assignment003\images\mazda6large.jpg --> studentweb.cencol.ca /kcastan1/images mazda6large.jpg
2013.06.14 09:08 B E:\Semester 2\COMP213\Assignments\Assignment003\images\mazdaengine.jpg --> studentweb.cencol.ca /kcastan1/images mazdaengine.jpg
2013.06.14 09:08 B E:\Semester 2\COMP213\Assignments\Assignment003\images\mycentennial.jpg --> studentweb.cencol.ca /kcastan1/images mycentennial.jpg
2013.06.14 09:08 B E:\Semester 2\COMP213\Assignments\Assignment003\images\skyactiv.jpg --> studentweb.cencol.ca /kcastan1/images skyactiv.jpg
2013.06.14 09:08 B E:\Semester 2\COMP213\Assignments\Assignment003\images\WS_FTP.LOG --> studentweb.cencol.ca /kcastan1/images WS_FTP.LOG
2013.06.17 14:01 B E:\Semester 2\COMP213\Assignments\Assignment003\images\rhcp_banner.jpg --> studentweb.cencol.ca /kcastan1/images rhcp_banner.jpg
2013.06.17 14:01 B E:\Semester 2\COMP213\Assignments\Assignment003\images\rhcp_logo.jpg --> studentweb.cencol.ca /kcastan1/images rhcp_logo.jpg
2013.06.17 14:01 B E:\Semester 2\COMP213\Assignments\Assignment003\images\rhcp_picture.jpg --> studentweb.cencol.ca /kcastan1/images rhcp_picture.jpg
2013.06.17 14:01 B E:\Semester 2\COMP213\Assignments\Assignment003\images\WS_FTP.LOG --> studentweb.cencol.ca /kcastan1/images WS_FTP.LOG
2013.06.25 09:25 B E:\Semester 2\COMP213\Assignments\Assignment003\images\mazda_logo.png --> studentweb.cencol.ca /kcastan1 mazda_logo.png
2013.07.18 12:22 B E:\Semester 2\COMP213\Assignments\Index\Index\images\centennial-college.jpg --> studentweb.cencol.ca /kcastan1/Index/Index/images centennial-college.jpg
2013.07.18 12:22 B E:\Semester 2\COMP213\Assignments\Index\Index\images\ecentennial.jpg --> studentweb.cencol.ca /kcastan1/Index/Index/images ecentennial.jpg
2013.07.18 12:22 B E:\Semester 2\COMP213\Assignments\Index\Index\images\list.png --> studentweb.cencol.ca /kcastan1/Index/Index/images list.png
2013.07.18 12:22 B E:\Semester 2\COMP213\Assignments\Index\Index\images\logo.gif --> studentweb.cencol.ca /kcastan1/Index/Index/images logo.gif
2013.07.18 12:22 B E:\Semester 2\COMP213\Assignments\Index\Index\images\logo.jpg --> studentweb.cencol.ca /kcastan1/Index/Index/images logo.jpg
2013.07.18 12:22 B E:\Semester 2\COMP213\Assignments\Index\Index\images\mycentennial.jpg --> studentweb.cencol.ca /kcastan1/Index/Index/images mycentennial.jpg
2013.07.18 12:22 B E:\Semester 2\COMP213\Assignments\Index\Index\images\WS_FTP.LOG --> studentweb.cencol.ca /kcastan1/Index/Index/images WS_FTP.LOG
2013.07.18 12:32 B E:\Semester 2\COMP213\Assignments\Index\images\centennial-college.jpg --> studentweb.cencol.ca /kcastan1/images centennial-college.jpg
2013.07.18 12:32 B E:\Semester 2\COMP213\Assignments\Index\images\ecentennial.jpg --> studentweb.cencol.ca /kcastan1/images ecentennial.jpg
2013.07.18 12:32 B E:\Semester 2\COMP213\Assignments\Index\images\list.png --> studentweb.cencol.ca /kcastan1/images list.png
2013.07.18 12:32 B E:\Semester 2\COMP213\Assignments\Index\images\logo.gif --> studentweb.cencol.ca /kcastan1/images logo.gif
2013.07.18 12:32 B E:\Semester 2\COMP213\Assignments\Index\images\logo.jpg --> studentweb.cencol.ca /kcastan1/images logo.jpg
2013.07.18 12:32 B E:\Semester 2\COMP213\Assignments\Index\images\mycentennial.jpg --> studentweb.cencol.ca /kcastan1/images mycentennial.jpg
2013.07.18 12:32 B E:\Semester 2\COMP213\Assignments\Index\images\WS_FTP.LOG --> studentweb.cencol.ca /kcastan1/images WS_FTP.LOG
2013.08.04 12:19 B F:\Semester 2\COMP213\Assignments\Index\images\pngBanner.png --> studentweb.cencol.ca /kcastan1/images pngBanner.png
2013.08.04 12:19 B F:\Semester 2\COMP213\Assignments\Index\images\WS_FTP.LOG --> studentweb.cencol.ca /kcastan1/images WS_FTP.LOG
2013.08.05 18:30 B F:\Semester 2\COMP213\Assignments\Index\images\WS_FTP.LOG --> studentweb.cencol.ca /kcastan1/images WS_FTP.LOG
2013.09.13 10:12 B E:\Semester 3\COMP229 - Advanced Web Application Development\Assignment\images\background.png --> studentweb.cencol.ca /kcastan1/Assignment/images background.png
2013.09.13 10:12 B E:\Semester 3\COMP229 - Advanced Web Application Development\Assignment\images\banner.png --> studentweb.cencol.ca /kcastan1/Assignment/images banner.png
2013.09.13 10:12 B E:\Semester 3\COMP229 - Advanced Web Application Development\Assignment\images\list.png --> studentweb.cencol.ca /kcastan1/Assignment/images list.png
2013.09.13 10:12 B E:\Semester 3\COMP229 - Advanced Web Application Development\Assignment\images\navlist.png --> studentweb.cencol.ca /kcastan1/Assignment/images navlist.png
2013.09.13 10:12 B E:\Semester 3\COMP229 - Advanced Web Application Development\Assignment\images\WS_FTP.LOG --> studentweb.cencol.ca /kcastan1/Assignment/images WS_FTP.LOG
2013.09.13 10:17 B E:\Semester 3\COMP229 - Advanced Web Application Development\Assignment\images\background.png --> studentweb.cencol.ca /kcastan1/images background.png
2013.09.13 10:17 B E:\Semester 3\COMP229 - Advanced Web Application Development\Assignment\images\banner.png --> studentweb.cencol.ca /kcastan1/images banner.png
2013.09.13 10:17 B E:\Semester 3\COMP229 - Advanced Web Application Development\Assignment\images\list.png --> studentweb.cencol.ca /kcastan1/images list.png
2013.09.13 10:17 B E:\Semester 3\COMP229 - Advanced Web Application Development\Assignment\images\navlist.png --> studentweb.cencol.ca /kcastan1/images navlist.png
2013.09.13 10:17 B E:\Semester 3\COMP229 - Advanced Web Application Development\Assignment\images\WS_FTP.LOG --> studentweb.cencol.ca /kcastan1/images WS_FTP.LOG
2013.09.20 10:30 B E:\Semester 3\COMP229 - Advanced Web Application Development\Assignment\images\WS_FTP.LOG --> studentweb.cencol.ca /kcastan1/images WS_FTP.LOG
2013.10.04 09:12 B E:\Semester 3\COMP229 - Advanced Web Application Development\Assignment\images\WS_FTP.LOG --> studentweb.cencol.ca /kcastan1/images WS_FTP.LOG
