2013.07.18 12:22 B E:\Semester 2\COMP213\Assignments\Index\Assignment02\images\greenbanner.jpg --> studentweb.cencol.ca /kcastan1/Index/Assignment02/images greenbanner.jpg
2013.07.18 12:22 B E:\Semester 2\COMP213\Assignments\Index\Assignment02\images\greenbulb.jpg --> studentweb.cencol.ca /kcastan1/Index/Assignment02/images greenbulb.jpg
2013.07.18 12:22 B E:\Semester 2\COMP213\Assignments\Index\Assignment02\images\greendot.png --> studentweb.cencol.ca /kcastan1/Index/Assignment02/images greendot.png
2013.07.18 12:22 B E:\Semester 2\COMP213\Assignments\Index\Assignment02\images\greenlogo1.jpg --> studentweb.cencol.ca /kcastan1/Index/Assignment02/images greenlogo1.jpg
2013.07.18 12:31 B E:\Semester 2\COMP213\Assignments\Index\Assignment02\images\greenbanner.jpg --> studentweb.cencol.ca /kcastan1/Assignment02/images greenbanner.jpg
2013.07.18 12:31 B E:\Semester 2\COMP213\Assignments\Index\Assignment02\images\greenbulb.jpg --> studentweb.cencol.ca /kcastan1/Assignment02/images greenbulb.jpg
2013.07.18 12:31 B E:\Semester 2\COMP213\Assignments\Index\Assignment02\images\greendot.png --> studentweb.cencol.ca /kcastan1/Assignment02/images greendot.png
2013.07.18 12:31 B E:\Semester 2\COMP213\Assignments\Index\Assignment02\images\greenlogo1.jpg --> studentweb.cencol.ca /kcastan1/Assignment02/images greenlogo1.jpg
2013.07.18 12:31 B E:\Semester 2\COMP213\Assignments\Index\Assignment02\images\WS_FTP.LOG --> studentweb.cencol.ca /kcastan1/Assignment02/images WS_FTP.LOG
2013.08.04 12:19 B F:\Semester 2\COMP213\Assignments\Index\Assignment02\images\WS_FTP.LOG --> studentweb.cencol.ca /kcastan1/Assignment02/images WS_FTP.LOG
2013.08.05 18:29 B F:\Semester 2\COMP213\Assignments\Index\Assignment02\images\WS_FTP.LOG --> studentweb.cencol.ca /kcastan1/Assignment02/images WS_FTP.LOG
2013.09.13 10:12 B E:\Semester 3\COMP229 - Advanced Web Application Development\Assignment\Index\Assignment02\images\greenbanner.jpg --> studentweb.cencol.ca /kcastan1/Assignment/Index/Assignment02/images greenbanner.jpg
2013.09.13 10:12 B E:\Semester 3\COMP229 - Advanced Web Application Development\Assignment\Index\Assignment02\images\greenbulb.jpg --> studentweb.cencol.ca /kcastan1/Assignment/Index/Assignment02/images greenbulb.jpg
2013.09.13 10:12 B E:\Semester 3\COMP229 - Advanced Web Application Development\Assignment\Index\Assignment02\images\greendot.png --> studentweb.cencol.ca /kcastan1/Assignment/Index/Assignment02/images greendot.png
2013.09.13 10:12 B E:\Semester 3\COMP229 - Advanced Web Application Development\Assignment\Index\Assignment02\images\greenlogo1.jpg --> studentweb.cencol.ca /kcastan1/Assignment/Index/Assignment02/images greenlogo1.jpg
2013.09.13 10:12 B E:\Semester 3\COMP229 - Advanced Web Application Development\Assignment\Index\Assignment02\images\WS_FTP.LOG --> studentweb.cencol.ca /kcastan1/Assignment/Index/Assignment02/images WS_FTP.LOG
2013.09.13 10:18 B E:\Semester 3\COMP229 - Advanced Web Application Development\Assignment\Index\Assignment02\images\greenbanner.jpg --> studentweb.cencol.ca /kcastan1/Index/Assignment02/images greenbanner.jpg
2013.09.13 10:18 B E:\Semester 3\COMP229 - Advanced Web Application Development\Assignment\Index\Assignment02\images\greenbulb.jpg --> studentweb.cencol.ca /kcastan1/Index/Assignment02/images greenbulb.jpg
2013.09.13 10:18 B E:\Semester 3\COMP229 - Advanced Web Application Development\Assignment\Index\Assignment02\images\greendot.png --> studentweb.cencol.ca /kcastan1/Index/Assignment02/images greendot.png
2013.09.13 10:18 B E:\Semester 3\COMP229 - Advanced Web Application Development\Assignment\Index\Assignment02\images\greenlogo1.jpg --> studentweb.cencol.ca /kcastan1/Index/Assignment02/images greenlogo1.jpg
2013.09.13 10:18 B E:\Semester 3\COMP229 - Advanced Web Application Development\Assignment\Index\Assignment02\images\WS_FTP.LOG --> studentweb.cencol.ca /kcastan1/Index/Assignment02/images WS_FTP.LOG
2013.09.20 10:29 B E:\Semester 3\COMP229 - Advanced Web Application Development\Assignment\Assignment02\images\greenbanner.jpg --> studentweb.cencol.ca /kcastan1/Assignment02/images greenbanner.jpg
2013.09.20 10:29 B E:\Semester 3\COMP229 - Advanced Web Application Development\Assignment\Assignment02\images\greenbulb.jpg --> studentweb.cencol.ca /kcastan1/Assignment02/images greenbulb.jpg
2013.09.20 10:29 B E:\Semester 3\COMP229 - Advanced Web Application Development\Assignment\Assignment02\images\greendot.png --> studentweb.cencol.ca /kcastan1/Assignment02/images greendot.png
2013.09.20 10:29 B E:\Semester 3\COMP229 - Advanced Web Application Development\Assignment\Assignment02\images\greenlogo1.jpg --> studentweb.cencol.ca /kcastan1/Assignment02/images greenlogo1.jpg
2013.09.20 10:29 B E:\Semester 3\COMP229 - Advanced Web Application Development\Assignment\Assignment02\images\WS_FTP.LOG --> studentweb.cencol.ca /kcastan1/Assignment02/images WS_FTP.LOG
2013.10.04 09:11 B E:\Semester 3\COMP229 - Advanced Web Application Development\Assignment\Assignment02\images\WS_FTP.LOG --> studentweb.cencol.ca /kcastan1/Assignment02/images WS_FTP.LOG
