2013.08.04 12:19 B F:\Semester 2\COMP213\Assignments\Index\Assignment05\Assignment5.xml --> studentweb.cencol.ca /kcastan1/Assignment05 Assignment5.xml
2013.08.04 12:19 B F:\Semester 2\COMP213\Assignments\Index\Assignment05\NutritionCSS.css --> studentweb.cencol.ca /kcastan1/Assignment05 NutritionCSS.css
2013.08.05 15:54 B F:\Semester 2\COMP213\Assignments\Index\Assignment05\Assignment5.xml --> studentweb.cencol.ca /kcastan1/Assignment05 Assignment5.xml
2013.08.05 15:54 B F:\Semester 2\COMP213\Assignments\Index\Assignment05\NutritionCSS.css --> studentweb.cencol.ca /kcastan1/Assignment05 NutritionCSS.css
2013.08.05 15:54 B F:\Semester 2\COMP213\Assignments\Index\Assignment05\WS_FTP.LOG --> studentweb.cencol.ca /kcastan1/Assignment05 WS_FTP.LOG
2013.08.05 18:26 B F:\Semester 2\COMP213\Assignments\Index\Assignment05\Assignment5.xml --> studentweb.cencol.ca /kcastan1/Assignment05 Assignment5.xml
2013.08.05 18:26 B F:\Semester 2\COMP213\Assignments\Index\Assignment05\NutritionCSS.css --> studentweb.cencol.ca /kcastan1/Assignment05 NutritionCSS.css
2013.08.05 18:27 B F:\Semester 2\COMP213\Assignments\Index\Assignment05\Assignment5.xml --> studentweb.cencol.ca /kcastan1/Assignment05 Assignment5.xml
2013.08.05 18:27 B F:\Semester 2\COMP213\Assignments\Index\Assignment05\NutritionCSS.css --> studentweb.cencol.ca /kcastan1/Assignment05 NutritionCSS.css
2013.08.05 18:29 B F:\Semester 2\COMP213\Assignments\Index\Assignment05\WS_FTP.LOG --> studentweb.cencol.ca /kcastan1/Assignment05 WS_FTP.LOG
2013.08.05 18:31 B F:\Semester 2\COMP213\Assignments\Index\Assignment05\Assignment5.xml --> studentweb.cencol.ca /kcastan1/Assignment05 Assignment5.xml
2013.08.05 18:31 B F:\Semester 2\COMP213\Assignments\Index\Assignment05\NutritionCSS.css --> studentweb.cencol.ca /kcastan1/Assignment05 NutritionCSS.css
2013.08.05 18:31 B F:\Semester 2\COMP213\Assignments\Index\Assignment05\WS_FTP.LOG --> studentweb.cencol.ca /kcastan1/Assignment05 WS_FTP.LOG
2013.08.05 18:35 B F:\Semester 2\COMP213\Assignments\Index\Assignment05\WS_FTP.LOG --> studentweb.cencol.ca /kcastan1/Assignment05 WS_FTP.LOG
2013.09.13 10:13 B E:\Semester 3\COMP229 - Advanced Web Application Development\Assignment\Index\Assignment05\Assignment5.xml --> studentweb.cencol.ca /kcastan1/Assignment/Index/Assignment05 Assignment5.xml
2013.09.13 10:13 B E:\Semester 3\COMP229 - Advanced Web Application Development\Assignment\Index\Assignment05\NutritionCSS.css --> studentweb.cencol.ca /kcastan1/Assignment/Index/Assignment05 NutritionCSS.css
2013.09.13 10:13 B E:\Semester 3\COMP229 - Advanced Web Application Development\Assignment\Index\Assignment05\WS_FTP.LOG --> studentweb.cencol.ca /kcastan1/Assignment/Index/Assignment05 WS_FTP.LOG
2013.09.13 10:18 B E:\Semester 3\COMP229 - Advanced Web Application Development\Assignment\Index\Assignment05\Assignment5.xml --> studentweb.cencol.ca /kcastan1/Index/Assignment05 Assignment5.xml
2013.09.13 10:18 B E:\Semester 3\COMP229 - Advanced Web Application Development\Assignment\Index\Assignment05\NutritionCSS.css --> studentweb.cencol.ca /kcastan1/Index/Assignment05 NutritionCSS.css
2013.09.13 10:18 B E:\Semester 3\COMP229 - Advanced Web Application Development\Assignment\Index\Assignment05\WS_FTP.LOG --> studentweb.cencol.ca /kcastan1/Index/Assignment05 WS_FTP.LOG
2013.09.20 10:30 B E:\Semester 3\COMP229 - Advanced Web Application Development\Assignment\Assignment05\Assignment5.xml --> studentweb.cencol.ca /kcastan1/Assignment05 Assignment5.xml
2013.09.20 10:30 B E:\Semester 3\COMP229 - Advanced Web Application Development\Assignment\Assignment05\NutritionCSS.css --> studentweb.cencol.ca /kcastan1/Assignment05 NutritionCSS.css
2013.09.20 10:30 B E:\Semester 3\COMP229 - Advanced Web Application Development\Assignment\Assignment05\WS_FTP.LOG --> studentweb.cencol.ca /kcastan1/Assignment05 WS_FTP.LOG
2013.10.04 09:11 B E:\Semester 3\COMP229 - Advanced Web Application Development\Assignment\Assignment05\WS_FTP.LOG --> studentweb.cencol.ca /kcastan1/Assignment05 WS_FTP.LOG
