2013.07.18 12:22 B E:\Semester 2\COMP213\Assignments\Index\Assignment03\Assignment3.htm --> studentweb.cencol.ca /kcastan1/Index/Assignment03 Assignment3.htm
2013.07.18 12:22 B E:\Semester 2\COMP213\Assignments\Index\Assignment03\Detail.htm --> studentweb.cencol.ca /kcastan1/Index/Assignment03 Detail.htm
2013.07.18 12:22 B E:\Semester 2\COMP213\Assignments\Index\Assignment03\Stylesheet2.css --> studentweb.cencol.ca /kcastan1/Index/Assignment03 Stylesheet2.css
2013.07.18 12:31 B E:\Semester 2\COMP213\Assignments\Index\Assignment03\Assignment3.htm --> studentweb.cencol.ca /kcastan1/Assignment03 Assignment3.htm
2013.07.18 12:31 B E:\Semester 2\COMP213\Assignments\Index\Assignment03\Detail.htm --> studentweb.cencol.ca /kcastan1/Assignment03 Detail.htm
2013.07.18 12:31 B E:\Semester 2\COMP213\Assignments\Index\Assignment03\Stylesheet2.css --> studentweb.cencol.ca /kcastan1/Assignment03 Stylesheet2.css
2013.07.18 12:31 B E:\Semester 2\COMP213\Assignments\Index\Assignment03\WS_FTP.LOG --> studentweb.cencol.ca /kcastan1/Assignment03 WS_FTP.LOG
2013.08.04 12:19 B F:\Semester 2\COMP213\Assignments\Index\Assignment03\WS_FTP.LOG --> studentweb.cencol.ca /kcastan1/Assignment03 WS_FTP.LOG
2013.08.05 18:29 B F:\Semester 2\COMP213\Assignments\Index\Assignment03\WS_FTP.LOG --> studentweb.cencol.ca /kcastan1/Assignment03 WS_FTP.LOG
2013.09.13 10:12 B E:\Semester 3\COMP229 - Advanced Web Application Development\Assignment\Index\Assignment03\Assignment3.htm --> studentweb.cencol.ca /kcastan1/Assignment/Index/Assignment03 Assignment3.htm
2013.09.13 10:12 B E:\Semester 3\COMP229 - Advanced Web Application Development\Assignment\Index\Assignment03\Detail.htm --> studentweb.cencol.ca /kcastan1/Assignment/Index/Assignment03 Detail.htm
2013.09.13 10:12 B E:\Semester 3\COMP229 - Advanced Web Application Development\Assignment\Index\Assignment03\Stylesheet2.css --> studentweb.cencol.ca /kcastan1/Assignment/Index/Assignment03 Stylesheet2.css
2013.09.13 10:12 B E:\Semester 3\COMP229 - Advanced Web Application Development\Assignment\Index\Assignment03\WS_FTP.LOG --> studentweb.cencol.ca /kcastan1/Assignment/Index/Assignment03 WS_FTP.LOG
2013.09.13 10:18 B E:\Semester 3\COMP229 - Advanced Web Application Development\Assignment\Index\Assignment03\Assignment3.htm --> studentweb.cencol.ca /kcastan1/Index/Assignment03 Assignment3.htm
2013.09.13 10:18 B E:\Semester 3\COMP229 - Advanced Web Application Development\Assignment\Index\Assignment03\Detail.htm --> studentweb.cencol.ca /kcastan1/Index/Assignment03 Detail.htm
2013.09.13 10:18 B E:\Semester 3\COMP229 - Advanced Web Application Development\Assignment\Index\Assignment03\Stylesheet2.css --> studentweb.cencol.ca /kcastan1/Index/Assignment03 Stylesheet2.css
2013.09.13 10:18 B E:\Semester 3\COMP229 - Advanced Web Application Development\Assignment\Index\Assignment03\WS_FTP.LOG --> studentweb.cencol.ca /kcastan1/Index/Assignment03 WS_FTP.LOG
2013.09.20 10:30 B E:\Semester 3\COMP229 - Advanced Web Application Development\Assignment\Assignment03\Assignment3.htm --> studentweb.cencol.ca /kcastan1/Assignment03 Assignment3.htm
2013.09.20 10:30 B E:\Semester 3\COMP229 - Advanced Web Application Development\Assignment\Assignment03\Detail.htm --> studentweb.cencol.ca /kcastan1/Assignment03 Detail.htm
2013.09.20 10:30 B E:\Semester 3\COMP229 - Advanced Web Application Development\Assignment\Assignment03\Stylesheet2.css --> studentweb.cencol.ca /kcastan1/Assignment03 Stylesheet2.css
2013.09.20 10:30 B E:\Semester 3\COMP229 - Advanced Web Application Development\Assignment\Assignment03\WS_FTP.LOG --> studentweb.cencol.ca /kcastan1/Assignment03 WS_FTP.LOG
2013.10.04 09:11 B E:\Semester 3\COMP229 - Advanced Web Application Development\Assignment\Assignment03\WS_FTP.LOG --> studentweb.cencol.ca /kcastan1/Assignment03 WS_FTP.LOG
