2013.07.18 12:22 B E:\Semester 2\COMP213\Assignments\Index\Assignment04\Assignment4.htm --> studentweb.cencol.ca /kcastan1/Index/Assignment04 Assignment4.htm
2013.07.18 12:22 B E:\Semester 2\COMP213\Assignments\Index\Assignment04\CSS4.css --> studentweb.cencol.ca /kcastan1/Index/Assignment04 CSS4.css
2013.07.18 12:32 B E:\Semester 2\COMP213\Assignments\Index\Assignment04\Assignment4.htm --> studentweb.cencol.ca /kcastan1/Assignment04 Assignment4.htm
2013.07.18 12:32 B E:\Semester 2\COMP213\Assignments\Index\Assignment04\CSS4.css --> studentweb.cencol.ca /kcastan1/Assignment04 CSS4.css
2013.07.18 12:32 B E:\Semester 2\COMP213\Assignments\Index\Assignment04\WS_FTP.LOG --> studentweb.cencol.ca /kcastan1/Assignment04 WS_FTP.LOG
2013.07.19 08:55 B E:\Semester 2\COMP213\Assignments\Index\Assignment04\Assignment4.htm --> studentweb.cencol.ca /kcastan1/Assignment04 Assignment4.htm
2013.07.19 08:55 B E:\Semester 2\COMP213\Assignments\Index\Assignment04\CSS4.css --> studentweb.cencol.ca /kcastan1/Assignment04 CSS4.css
2013.07.19 08:55 B E:\Semester 2\COMP213\Assignments\Index\Assignment04\WS_FTP.LOG --> studentweb.cencol.ca /kcastan1/Assignment04 WS_FTP.LOG
2013.07.19 09:03 B E:\Semester 2\COMP213\Assignments\Index\Assignment04\Assignment4.htm --> studentweb.cencol.ca /kcastan1/Assignment04 Assignment4.htm
2013.07.19 09:09 B E:\Semester 2\COMP213\Assignments\Index\Assignment04\Assignment4.htm --> studentweb.cencol.ca /kcastan1/Assignment04 Assignment4.htm
2013.08.04 12:19 B F:\Semester 2\COMP213\Assignments\Index\Assignment04\Assignment4.htm --> studentweb.cencol.ca /kcastan1/Assignment04 Assignment4.htm
2013.08.04 12:19 B F:\Semester 2\COMP213\Assignments\Index\Assignment04\CSS4.css --> studentweb.cencol.ca /kcastan1/Assignment04 CSS4.css
2013.08.04 12:19 B F:\Semester 2\COMP213\Assignments\Index\Assignment04\WS_FTP.LOG --> studentweb.cencol.ca /kcastan1/Assignment04 WS_FTP.LOG
2013.08.05 18:29 B F:\Semester 2\COMP213\Assignments\Index\Assignment04\WS_FTP.LOG --> studentweb.cencol.ca /kcastan1/Assignment04 WS_FTP.LOG
2013.09.13 10:13 B E:\Semester 3\COMP229 - Advanced Web Application Development\Assignment\Index\Assignment04\Assignment4.htm --> studentweb.cencol.ca /kcastan1/Assignment/Index/Assignment04 Assignment4.htm
2013.09.13 10:13 B E:\Semester 3\COMP229 - Advanced Web Application Development\Assignment\Index\Assignment04\CSS4.css --> studentweb.cencol.ca /kcastan1/Assignment/Index/Assignment04 CSS4.css
2013.09.13 10:13 B E:\Semester 3\COMP229 - Advanced Web Application Development\Assignment\Index\Assignment04\WS_FTP.LOG --> studentweb.cencol.ca /kcastan1/Assignment/Index/Assignment04 WS_FTP.LOG
2013.09.13 10:18 B E:\Semester 3\COMP229 - Advanced Web Application Development\Assignment\Index\Assignment04\Assignment4.htm --> studentweb.cencol.ca /kcastan1/Index/Assignment04 Assignment4.htm
2013.09.13 10:18 B E:\Semester 3\COMP229 - Advanced Web Application Development\Assignment\Index\Assignment04\CSS4.css --> studentweb.cencol.ca /kcastan1/Index/Assignment04 CSS4.css
2013.09.13 10:18 B E:\Semester 3\COMP229 - Advanced Web Application Development\Assignment\Index\Assignment04\WS_FTP.LOG --> studentweb.cencol.ca /kcastan1/Index/Assignment04 WS_FTP.LOG
2013.09.20 10:30 B E:\Semester 3\COMP229 - Advanced Web Application Development\Assignment\Assignment04\Assignment4.htm --> studentweb.cencol.ca /kcastan1/Assignment04 Assignment4.htm
2013.09.20 10:30 B E:\Semester 3\COMP229 - Advanced Web Application Development\Assignment\Assignment04\CSS4.css --> studentweb.cencol.ca /kcastan1/Assignment04 CSS4.css
2013.09.20 10:30 B E:\Semester 3\COMP229 - Advanced Web Application Development\Assignment\Assignment04\WS_FTP.LOG --> studentweb.cencol.ca /kcastan1/Assignment04 WS_FTP.LOG
2013.10.04 09:11 B E:\Semester 3\COMP229 - Advanced Web Application Development\Assignment\Assignment04\WS_FTP.LOG --> studentweb.cencol.ca /kcastan1/Assignment04 WS_FTP.LOG
