2013.07.18 12:22 B E:\Semester 2\COMP213\Assignments\Index\Assignment03\images\Background.jpg --> studentweb.cencol.ca /kcastan1/Index/Assignment03/images Background.jpg
2013.07.18 12:22 B E:\Semester 2\COMP213\Assignments\Index\Assignment03\images\canadamap.jpg --> studentweb.cencol.ca /kcastan1/Index/Assignment03/images canadamap.jpg
2013.07.18 12:22 B E:\Semester 2\COMP213\Assignments\Index\Assignment03\images\mazda6.jpg --> studentweb.cencol.ca /kcastan1/Index/Assignment03/images mazda6.jpg
2013.07.18 12:22 B E:\Semester 2\COMP213\Assignments\Index\Assignment03\images\mazda6banner.jpg --> studentweb.cencol.ca /kcastan1/Index/Assignment03/images mazda6banner.jpg
2013.07.18 12:22 B E:\Semester 2\COMP213\Assignments\Index\Assignment03\images\mazda6info.jpg --> studentweb.cencol.ca /kcastan1/Index/Assignment03/images mazda6info.jpg
2013.07.18 12:22 B E:\Semester 2\COMP213\Assignments\Index\Assignment03\images\mazda6large.jpg --> studentweb.cencol.ca /kcastan1/Index/Assignment03/images mazda6large.jpg
2013.07.18 12:22 B E:\Semester 2\COMP213\Assignments\Index\Assignment03\images\mazda_logo.jpg --> studentweb.cencol.ca /kcastan1/Index/Assignment03/images mazda_logo.jpg
2013.07.18 12:22 B E:\Semester 2\COMP213\Assignments\Index\Assignment03\images\mazda_logo.png --> studentweb.cencol.ca /kcastan1/Index/Assignment03/images mazda_logo.png
2013.07.18 12:22 B E:\Semester 2\COMP213\Assignments\Index\Assignment03\images\mazdaengine.jpg --> studentweb.cencol.ca /kcastan1/Index/Assignment03/images mazdaengine.jpg
2013.07.18 12:22 B E:\Semester 2\COMP213\Assignments\Index\Assignment03\images\skyactiv.jpg --> studentweb.cencol.ca /kcastan1/Index/Assignment03/images skyactiv.jpg
2013.07.18 12:31 B E:\Semester 2\COMP213\Assignments\Index\Assignment03\images\Background.jpg --> studentweb.cencol.ca /kcastan1/Assignment03/images Background.jpg
2013.07.18 12:31 B E:\Semester 2\COMP213\Assignments\Index\Assignment03\images\canadamap.jpg --> studentweb.cencol.ca /kcastan1/Assignment03/images canadamap.jpg
2013.07.18 12:31 B E:\Semester 2\COMP213\Assignments\Index\Assignment03\images\mazda6.jpg --> studentweb.cencol.ca /kcastan1/Assignment03/images mazda6.jpg
2013.07.18 12:31 B E:\Semester 2\COMP213\Assignments\Index\Assignment03\images\mazda6banner.jpg --> studentweb.cencol.ca /kcastan1/Assignment03/images mazda6banner.jpg
2013.07.18 12:31 B E:\Semester 2\COMP213\Assignments\Index\Assignment03\images\mazda6info.jpg --> studentweb.cencol.ca /kcastan1/Assignment03/images mazda6info.jpg
2013.07.18 12:31 B E:\Semester 2\COMP213\Assignments\Index\Assignment03\images\mazda6large.jpg --> studentweb.cencol.ca /kcastan1/Assignment03/images mazda6large.jpg
2013.07.18 12:31 B E:\Semester 2\COMP213\Assignments\Index\Assignment03\images\mazda_logo.jpg --> studentweb.cencol.ca /kcastan1/Assignment03/images mazda_logo.jpg
2013.07.18 12:31 B E:\Semester 2\COMP213\Assignments\Index\Assignment03\images\mazda_logo.png --> studentweb.cencol.ca /kcastan1/Assignment03/images mazda_logo.png
2013.07.18 12:31 B E:\Semester 2\COMP213\Assignments\Index\Assignment03\images\mazdaengine.jpg --> studentweb.cencol.ca /kcastan1/Assignment03/images mazdaengine.jpg
2013.07.18 12:31 B E:\Semester 2\COMP213\Assignments\Index\Assignment03\images\skyactiv.jpg --> studentweb.cencol.ca /kcastan1/Assignment03/images skyactiv.jpg
2013.07.18 12:31 B E:\Semester 2\COMP213\Assignments\Index\Assignment03\images\WS_FTP.LOG --> studentweb.cencol.ca /kcastan1/Assignment03/images WS_FTP.LOG
2013.08.04 12:19 B F:\Semester 2\COMP213\Assignments\Index\Assignment03\images\WS_FTP.LOG --> studentweb.cencol.ca /kcastan1/Assignment03/images WS_FTP.LOG
2013.08.05 18:29 B F:\Semester 2\COMP213\Assignments\Index\Assignment03\images\WS_FTP.LOG --> studentweb.cencol.ca /kcastan1/Assignment03/images WS_FTP.LOG
2013.09.13 10:12 B E:\Semester 3\COMP229 - Advanced Web Application Development\Assignment\Index\Assignment03\images\Background.jpg --> studentweb.cencol.ca /kcastan1/Assignment/Index/Assignment03/images Background.jpg
2013.09.13 10:12 B E:\Semester 3\COMP229 - Advanced Web Application Development\Assignment\Index\Assignment03\images\canadamap.jpg --> studentweb.cencol.ca /kcastan1/Assignment/Index/Assignment03/images canadamap.jpg
2013.09.13 10:12 B E:\Semester 3\COMP229 - Advanced Web Application Development\Assignment\Index\Assignment03\images\mazda6.jpg --> studentweb.cencol.ca /kcastan1/Assignment/Index/Assignment03/images mazda6.jpg
2013.09.13 10:12 B E:\Semester 3\COMP229 - Advanced Web Application Development\Assignment\Index\Assignment03\images\mazda6banner.jpg --> studentweb.cencol.ca /kcastan1/Assignment/Index/Assignment03/images mazda6banner.jpg
2013.09.13 10:12 B E:\Semester 3\COMP229 - Advanced Web Application Development\Assignment\Index\Assignment03\images\mazda6info.jpg --> studentweb.cencol.ca /kcastan1/Assignment/Index/Assignment03/images mazda6info.jpg
2013.09.13 10:12 B E:\Semester 3\COMP229 - Advanced Web Application Development\Assignment\Index\Assignment03\images\mazda6large.jpg --> studentweb.cencol.ca /kcastan1/Assignment/Index/Assignment03/images mazda6large.jpg
2013.09.13 10:12 B E:\Semester 3\COMP229 - Advanced Web Application Development\Assignment\Index\Assignment03\images\mazda_logo.jpg --> studentweb.cencol.ca /kcastan1/Assignment/Index/Assignment03/images mazda_logo.jpg
2013.09.13 10:12 B E:\Semester 3\COMP229 - Advanced Web Application Development\Assignment\Index\Assignment03\images\mazda_logo.png --> studentweb.cencol.ca /kcastan1/Assignment/Index/Assignment03/images mazda_logo.png
2013.09.13 10:12 B E:\Semester 3\COMP229 - Advanced Web Application Development\Assignment\Index\Assignment03\images\mazdaengine.jpg --> studentweb.cencol.ca /kcastan1/Assignment/Index/Assignment03/images mazdaengine.jpg
2013.09.13 10:12 B E:\Semester 3\COMP229 - Advanced Web Application Development\Assignment\Index\Assignment03\images\skyactiv.jpg --> studentweb.cencol.ca /kcastan1/Assignment/Index/Assignment03/images skyactiv.jpg
2013.09.13 10:12 B E:\Semester 3\COMP229 - Advanced Web Application Development\Assignment\Index\Assignment03\images\WS_FTP.LOG --> studentweb.cencol.ca /kcastan1/Assignment/Index/Assignment03/images WS_FTP.LOG
2013.09.13 10:18 B E:\Semester 3\COMP229 - Advanced Web Application Development\Assignment\Index\Assignment03\images\Background.jpg --> studentweb.cencol.ca /kcastan1/Index/Assignment03/images Background.jpg
2013.09.13 10:18 B E:\Semester 3\COMP229 - Advanced Web Application Development\Assignment\Index\Assignment03\images\canadamap.jpg --> studentweb.cencol.ca /kcastan1/Index/Assignment03/images canadamap.jpg
2013.09.13 10:18 B E:\Semester 3\COMP229 - Advanced Web Application Development\Assignment\Index\Assignment03\images\mazda6.jpg --> studentweb.cencol.ca /kcastan1/Index/Assignment03/images mazda6.jpg
2013.09.13 10:18 B E:\Semester 3\COMP229 - Advanced Web Application Development\Assignment\Index\Assignment03\images\mazda6banner.jpg --> studentweb.cencol.ca /kcastan1/Index/Assignment03/images mazda6banner.jpg
2013.09.13 10:18 B E:\Semester 3\COMP229 - Advanced Web Application Development\Assignment\Index\Assignment03\images\mazda6info.jpg --> studentweb.cencol.ca /kcastan1/Index/Assignment03/images mazda6info.jpg
2013.09.13 10:18 B E:\Semester 3\COMP229 - Advanced Web Application Development\Assignment\Index\Assignment03\images\mazda6large.jpg --> studentweb.cencol.ca /kcastan1/Index/Assignment03/images mazda6large.jpg
2013.09.13 10:18 B E:\Semester 3\COMP229 - Advanced Web Application Development\Assignment\Index\Assignment03\images\mazda_logo.jpg --> studentweb.cencol.ca /kcastan1/Index/Assignment03/images mazda_logo.jpg
2013.09.13 10:18 B E:\Semester 3\COMP229 - Advanced Web Application Development\Assignment\Index\Assignment03\images\mazda_logo.png --> studentweb.cencol.ca /kcastan1/Index/Assignment03/images mazda_logo.png
2013.09.13 10:18 B E:\Semester 3\COMP229 - Advanced Web Application Development\Assignment\Index\Assignment03\images\mazdaengine.jpg --> studentweb.cencol.ca /kcastan1/Index/Assignment03/images mazdaengine.jpg
2013.09.13 10:18 B E:\Semester 3\COMP229 - Advanced Web Application Development\Assignment\Index\Assignment03\images\skyactiv.jpg --> studentweb.cencol.ca /kcastan1/Index/Assignment03/images skyactiv.jpg
2013.09.13 10:18 B E:\Semester 3\COMP229 - Advanced Web Application Development\Assignment\Index\Assignment03\images\WS_FTP.LOG --> studentweb.cencol.ca /kcastan1/Index/Assignment03/images WS_FTP.LOG
2013.09.20 10:30 B E:\Semester 3\COMP229 - Advanced Web Application Development\Assignment\Assignment03\images\Background.jpg --> studentweb.cencol.ca /kcastan1/Assignment03/images Background.jpg
2013.09.20 10:30 B E:\Semester 3\COMP229 - Advanced Web Application Development\Assignment\Assignment03\images\canadamap.jpg --> studentweb.cencol.ca /kcastan1/Assignment03/images canadamap.jpg
2013.09.20 10:30 B E:\Semester 3\COMP229 - Advanced Web Application Development\Assignment\Assignment03\images\mazda6.jpg --> studentweb.cencol.ca /kcastan1/Assignment03/images mazda6.jpg
2013.09.20 10:30 B E:\Semester 3\COMP229 - Advanced Web Application Development\Assignment\Assignment03\images\mazda6banner.jpg --> studentweb.cencol.ca /kcastan1/Assignment03/images mazda6banner.jpg
2013.09.20 10:30 B E:\Semester 3\COMP229 - Advanced Web Application Development\Assignment\Assignment03\images\mazda6info.jpg --> studentweb.cencol.ca /kcastan1/Assignment03/images mazda6info.jpg
2013.09.20 10:30 B E:\Semester 3\COMP229 - Advanced Web Application Development\Assignment\Assignment03\images\mazda6large.jpg --> studentweb.cencol.ca /kcastan1/Assignment03/images mazda6large.jpg
2013.09.20 10:30 B E:\Semester 3\COMP229 - Advanced Web Application Development\Assignment\Assignment03\images\mazda_logo.jpg --> studentweb.cencol.ca /kcastan1/Assignment03/images mazda_logo.jpg
2013.09.20 10:30 B E:\Semester 3\COMP229 - Advanced Web Application Development\Assignment\Assignment03\images\mazda_logo.png --> studentweb.cencol.ca /kcastan1/Assignment03/images mazda_logo.png
2013.09.20 10:30 B E:\Semester 3\COMP229 - Advanced Web Application Development\Assignment\Assignment03\images\mazdaengine.jpg --> studentweb.cencol.ca /kcastan1/Assignment03/images mazdaengine.jpg
2013.09.20 10:30 B E:\Semester 3\COMP229 - Advanced Web Application Development\Assignment\Assignment03\images\skyactiv.jpg --> studentweb.cencol.ca /kcastan1/Assignment03/images skyactiv.jpg
2013.09.20 10:30 B E:\Semester 3\COMP229 - Advanced Web Application Development\Assignment\Assignment03\images\WS_FTP.LOG --> studentweb.cencol.ca /kcastan1/Assignment03/images WS_FTP.LOG
2013.10.04 09:11 B E:\Semester 3\COMP229 - Advanced Web Application Development\Assignment\Assignment03\images\WS_FTP.LOG --> studentweb.cencol.ca /kcastan1/Assignment03/images WS_FTP.LOG
