2013.07.18 12:22 B E:\Semester 2\COMP213\Assignments\Index\Midterm\images\rhcp_banner.jpg --> studentweb.cencol.ca /kcastan1/Index/Midterm/images rhcp_banner.jpg
2013.07.18 12:22 B E:\Semester 2\COMP213\Assignments\Index\Midterm\images\rhcp_logo.jpg --> studentweb.cencol.ca /kcastan1/Index/Midterm/images rhcp_logo.jpg
2013.07.18 12:22 B E:\Semester 2\COMP213\Assignments\Index\Midterm\images\rhcp_picture.jpg --> studentweb.cencol.ca /kcastan1/Index/Midterm/images rhcp_picture.jpg
2013.07.18 12:32 B E:\Semester 2\COMP213\Assignments\Index\Midterm\images\rhcp_banner.jpg --> studentweb.cencol.ca /kcastan1/Midterm/images rhcp_banner.jpg
2013.07.18 12:32 B E:\Semester 2\COMP213\Assignments\Index\Midterm\images\rhcp_logo.jpg --> studentweb.cencol.ca /kcastan1/Midterm/images rhcp_logo.jpg
2013.07.18 12:32 B E:\Semester 2\COMP213\Assignments\Index\Midterm\images\rhcp_picture.jpg --> studentweb.cencol.ca /kcastan1/Midterm/images rhcp_picture.jpg
2013.07.18 12:32 B E:\Semester 2\COMP213\Assignments\Index\Midterm\images\WS_FTP.LOG --> studentweb.cencol.ca /kcastan1/Midterm/images WS_FTP.LOG
2013.08.04 12:19 B F:\Semester 2\COMP213\Assignments\Index\Midterm\images\WS_FTP.LOG --> studentweb.cencol.ca /kcastan1/Midterm/images WS_FTP.LOG
2013.08.05 18:30 B F:\Semester 2\COMP213\Assignments\Index\Midterm\images\WS_FTP.LOG --> studentweb.cencol.ca /kcastan1/Midterm/images WS_FTP.LOG
2013.09.13 10:13 B E:\Semester 3\COMP229 - Advanced Web Application Development\Assignment\Index\Midterm\images\rhcp_banner.jpg --> studentweb.cencol.ca /kcastan1/Assignment/Index/Midterm/images rhcp_banner.jpg
2013.09.13 10:13 B E:\Semester 3\COMP229 - Advanced Web Application Development\Assignment\Index\Midterm\images\rhcp_logo.jpg --> studentweb.cencol.ca /kcastan1/Assignment/Index/Midterm/images rhcp_logo.jpg
2013.09.13 10:13 B E:\Semester 3\COMP229 - Advanced Web Application Development\Assignment\Index\Midterm\images\rhcp_picture.jpg --> studentweb.cencol.ca /kcastan1/Assignment/Index/Midterm/images rhcp_picture.jpg
2013.09.13 10:13 B E:\Semester 3\COMP229 - Advanced Web Application Development\Assignment\Index\Midterm\images\WS_FTP.LOG --> studentweb.cencol.ca /kcastan1/Assignment/Index/Midterm/images WS_FTP.LOG
2013.09.13 10:18 B E:\Semester 3\COMP229 - Advanced Web Application Development\Assignment\Index\Midterm\images\rhcp_banner.jpg --> studentweb.cencol.ca /kcastan1/Index/Midterm/images rhcp_banner.jpg
2013.09.13 10:18 B E:\Semester 3\COMP229 - Advanced Web Application Development\Assignment\Index\Midterm\images\rhcp_logo.jpg --> studentweb.cencol.ca /kcastan1/Index/Midterm/images rhcp_logo.jpg
2013.09.13 10:18 B E:\Semester 3\COMP229 - Advanced Web Application Development\Assignment\Index\Midterm\images\rhcp_picture.jpg --> studentweb.cencol.ca /kcastan1/Index/Midterm/images rhcp_picture.jpg
2013.09.13 10:18 B E:\Semester 3\COMP229 - Advanced Web Application Development\Assignment\Index\Midterm\images\WS_FTP.LOG --> studentweb.cencol.ca /kcastan1/Index/Midterm/images WS_FTP.LOG
2013.09.20 10:30 B E:\Semester 3\COMP229 - Advanced Web Application Development\Assignment\Midterm\images\rhcp_banner.jpg --> studentweb.cencol.ca /kcastan1/Midterm/images rhcp_banner.jpg
2013.09.20 10:30 B E:\Semester 3\COMP229 - Advanced Web Application Development\Assignment\Midterm\images\rhcp_logo.jpg --> studentweb.cencol.ca /kcastan1/Midterm/images rhcp_logo.jpg
2013.09.20 10:30 B E:\Semester 3\COMP229 - Advanced Web Application Development\Assignment\Midterm\images\rhcp_picture.jpg --> studentweb.cencol.ca /kcastan1/Midterm/images rhcp_picture.jpg
2013.09.20 10:30 B E:\Semester 3\COMP229 - Advanced Web Application Development\Assignment\Midterm\images\WS_FTP.LOG --> studentweb.cencol.ca /kcastan1/Midterm/images WS_FTP.LOG
2013.10.04 09:12 B E:\Semester 3\COMP229 - Advanced Web Application Development\Assignment\Midterm\images\WS_FTP.LOG --> studentweb.cencol.ca /kcastan1/Midterm/images WS_FTP.LOG
2013.10.16 10:29 B E:\Semester 3\COMP229 - Advanced Web Application Development\Assignment\Midterm\images\WS_FTP.LOG --> studentweb.cencol.ca /kcastan1/Midterm/images WS_FTP.LOG
